This file contains any messages produced by compilers while
running configure, to aid debugging if configure makes a mistake.

It was created by configure, which was
generated by GNU Autoconf 2.59.  Invocation command line was

  $ ./configure 

## --------- ##
## Platform. ##
## --------- ##

hostname = xueyang-Lenovo
uname -m = x86_64
uname -r = 3.13.0-105-generic
uname -s = Linux
uname -v = #152-Ubuntu SMP Fri Dec 2 15:37:11 UTC 2016

/usr/bin/uname -p = unknown
/bin/uname -X     = unknown

/bin/arch              = unknown
/usr/bin/arch -k       = unknown
/usr/convex/getsysinfo = unknown
hostinfo               = unknown
/bin/machine           = unknown
/usr/bin/oslevel       = unknown
/bin/universe          = unknown

PATH: /home/xueyang/caffe/keras/
PATH: /home/xueyang/caffe/anaconda2/bin
PATH: /usr/local/sbin
PATH: /usr/local/bin
PATH: /usr/sbin
PATH: /usr/bin
PATH: /sbin
PATH: /bin
PATH: /usr/games
PATH: /usr/local/games


## ----------- ##
## Core tests. ##
## ----------- ##

configure:1347: checking for a BSD-compatible install
configure:1402: result: /usr/bin/install -c
configure:1413: checking whether build environment is sane
configure:1456: result: yes
configure:1480: WARNING: `missing' script is too old or missing
configure:1521: checking for gawk
configure:1550: result: no
configure:1521: checking for mawk
configure:1537: found /usr/bin/mawk
configure:1547: result: mawk
configure:1557: checking whether make sets $(MAKE)
configure:1577: result: yes
configure:1761: checking for a BSD-compatible install
configure:1816: result: /usr/bin/install -c
configure:1868: checking for ranlib
configure:1884: found /usr/bin/ranlib
configure:1895: result: ranlib
configure:1953: checking for gcc
configure:1969: found /usr/bin/gcc
configure:1979: result: gcc
configure:2223: checking for C compiler version
configure:2226: gcc --version </dev/null >&5
gcc (Ubuntu 4.8.4-2ubuntu1~14.04.3) 4.8.4
Copyright (C) 2013 Free Software Foundation, Inc.
This is free software; see the source for copying conditions.  There is NO
warranty; not even for MERCHANTABILITY or FITNESS FOR A PARTICULAR PURPOSE.

configure:2229: $? = 0
configure:2231: gcc -v </dev/null >&5
Using built-in specs.
COLLECT_GCC=gcc
COLLECT_LTO_WRAPPER=/usr/lib/gcc/x86_64-linux-gnu/4.8/lto-wrapper
Target: x86_64-linux-gnu
Configured with: ../src/configure -v --with-pkgversion='Ubuntu 4.8.4-2ubuntu1~14.04.3' --with-bugurl=file:///usr/share/doc/gcc-4.8/README.Bugs --enable-languages=c,c++,java,go,d,fortran,objc,obj-c++ --prefix=/usr --program-suffix=-4.8 --enable-shared --enable-linker-build-id --libexecdir=/usr/lib --without-included-gettext --enable-threads=posix --with-gxx-include-dir=/usr/include/c++/4.8 --libdir=/usr/lib --enable-nls --with-sysroot=/ --enable-clocale=gnu --enable-libstdcxx-debug --enable-libstdcxx-time=yes --enable-gnu-unique-object --disable-libmudflap --enable-plugin --with-system-zlib --disable-browser-plugin --enable-java-awt=gtk --enable-gtk-cairo --with-java-home=/usr/lib/jvm/java-1.5.0-gcj-4.8-amd64/jre --enable-java-home --with-jvm-root-dir=/usr/lib/jvm/java-1.5.0-gcj-4.8-amd64 --with-jvm-jar-dir=/usr/lib/jvm-exports/java-1.5.0-gcj-4.8-amd64 --with-arch-directory=amd64 --with-ecj-jar=/usr/share/java/eclipse-ecj.jar --enable-objc-gc --enable-multiarch --disable-werror --with-arch-32=i686 --with-abi=m64 --with-multilib-list=m32,m64,mx32 --with-tune=generic --enable-checking=release --build=x86_64-linux-gnu --host=x86_64-linux-gnu --target=x86_64-linux-gnu
Thread model: posix
gcc version 4.8.4 (Ubuntu 4.8.4-2ubuntu1~14.04.3) 
configure:2234: $? = 0
configure:2236: gcc -V </dev/null >&5
gcc: error: unrecognized command line option '-V'
gcc: fatal error: no input files
compilation terminated.
configure:2239: $? = 4
configure:2262: checking for C compiler default output file name
configure:2265: gcc    conftest.c  >&5
configure:2268: $? = 0
configure:2314: result: a.out
configure:2319: checking whether the C compiler works
configure:2325: ./a.out
configure:2328: $? = 0
configure:2345: result: yes
configure:2352: checking whether we are cross compiling
configure:2354: result: no
configure:2357: checking for suffix of executables
configure:2359: gcc -o conftest    conftest.c  >&5
configure:2362: $? = 0
configure:2387: result: 
configure:2393: checking for suffix of object files
configure:2414: gcc -c   conftest.c >&5
configure:2417: $? = 0
configure:2439: result: o
configure:2443: checking whether we are using the GNU C compiler
configure:2467: gcc -c   conftest.c >&5
configure:2473: $? = 0
configure:2477: test -z 
			 || test ! -s conftest.err
configure:2480: $? = 0
configure:2483: test -s conftest.o
configure:2486: $? = 0
configure:2499: result: yes
configure:2505: checking whether gcc accepts -g
configure:2526: gcc -c -g  conftest.c >&5
configure:2532: $? = 0
configure:2536: test -z 
			 || test ! -s conftest.err
configure:2539: $? = 0
configure:2542: test -s conftest.o
configure:2545: $? = 0
configure:2556: result: yes
configure:2573: checking for gcc option to accept ANSI C
configure:2643: gcc  -c -g -O2  conftest.c >&5
configure:2649: $? = 0
configure:2653: test -z 
			 || test ! -s conftest.err
configure:2656: $? = 0
configure:2659: test -s conftest.o
configure:2662: $? = 0
configure:2680: result: none needed
configure:2698: gcc -c -g -O2  conftest.c >&5
conftest.c:2:3: error: unknown type name 'choke'
   choke me
   ^
conftest.c:2:3: error: expected '=', ',', ';', 'asm' or '__attribute__' at end of input
configure:2704: $? = 1
configure: failed program was:
| #ifndef __cplusplus
|   choke me
| #endif
configure:2848: checking for style of include used by make
configure:2876: result: GNU
configure:2904: checking dependency style of gcc
configure:2994: result: gcc3
configure:3057: checking for gcc
configure:3083: result: gcc
configure:3327: checking for C compiler version
configure:3330: gcc --version </dev/null >&5
gcc (Ubuntu 4.8.4-2ubuntu1~14.04.3) 4.8.4
Copyright (C) 2013 Free Software Foundation, Inc.
This is free software; see the source for copying conditions.  There is NO
warranty; not even for MERCHANTABILITY or FITNESS FOR A PARTICULAR PURPOSE.

configure:3333: $? = 0
configure:3335: gcc -v </dev/null >&5
Using built-in specs.
COLLECT_GCC=gcc
COLLECT_LTO_WRAPPER=/usr/lib/gcc/x86_64-linux-gnu/4.8/lto-wrapper
Target: x86_64-linux-gnu
Configured with: ../src/configure -v --with-pkgversion='Ubuntu 4.8.4-2ubuntu1~14.04.3' --with-bugurl=file:///usr/share/doc/gcc-4.8/README.Bugs --enable-languages=c,c++,java,go,d,fortran,objc,obj-c++ --prefix=/usr --program-suffix=-4.8 --enable-shared --enable-linker-build-id --libexecdir=/usr/lib --without-included-gettext --enable-threads=posix --with-gxx-include-dir=/usr/include/c++/4.8 --libdir=/usr/lib --enable-nls --with-sysroot=/ --enable-clocale=gnu --enable-libstdcxx-debug --enable-libstdcxx-time=yes --enable-gnu-unique-object --disable-libmudflap --enable-plugin --with-system-zlib --disable-browser-plugin --enable-java-awt=gtk --enable-gtk-cairo --with-java-home=/usr/lib/jvm/java-1.5.0-gcj-4.8-amd64/jre --enable-java-home --with-jvm-root-dir=/usr/lib/jvm/java-1.5.0-gcj-4.8-amd64 --with-jvm-jar-dir=/usr/lib/jvm-exports/java-1.5.0-gcj-4.8-amd64 --with-arch-directory=amd64 --with-ecj-jar=/usr/share/java/eclipse-ecj.jar --enable-objc-gc --enable-multiarch --disable-werror --with-arch-32=i686 --with-abi=m64 --with-multilib-list=m32,m64,mx32 --with-tune=generic --enable-checking=release --build=x86_64-linux-gnu --host=x86_64-linux-gnu --target=x86_64-linux-gnu
Thread model: posix
gcc version 4.8.4 (Ubuntu 4.8.4-2ubuntu1~14.04.3) 
configure:3338: $? = 0
configure:3340: gcc -V </dev/null >&5
gcc: error: unrecognized command line option '-V'
gcc: fatal error: no input files
compilation terminated.
configure:3343: $? = 4
configure:3346: checking whether we are using the GNU C compiler
configure:3402: result: yes
configure:3408: checking whether gcc accepts -g
configure:3459: result: yes
configure:3476: checking for gcc option to accept ANSI C
configure:3583: result: none needed
configure:3601: gcc -c -g -O2  conftest.c >&5
conftest.c:2:3: error: unknown type name 'choke'
   choke me
   ^
conftest.c:2:3: error: expected '=', ',', ';', 'asm' or '__attribute__' at end of input
configure:3607: $? = 1
configure: failed program was:
| #ifndef __cplusplus
|   choke me
| #endif
configure:3742: checking dependency style of gcc
configure:3832: result: gcc3
configure:3857: checking how to run the C preprocessor
configure:3892: gcc -E  conftest.c
configure:3898: $? = 0
configure:3930: gcc -E  conftest.c
conftest.c:11:28: fatal error: ac_nonexistent.h: No such file or directory
 #include <ac_nonexistent.h>
                            ^
compilation terminated.
configure:3936: $? = 1
configure: failed program was:
| /* confdefs.h.  */
| 
| #define PACKAGE_NAME ""
| #define PACKAGE_TARNAME ""
| #define PACKAGE_VERSION ""
| #define PACKAGE_STRING ""
| #define PACKAGE_BUGREPORT ""
| #define PACKAGE "spro"
| #define VERSION "5.0"
| /* end confdefs.h.  */
| #include <ac_nonexistent.h>
configure:3975: result: gcc -E
configure:3999: gcc -E  conftest.c
configure:4005: $? = 0
configure:4037: gcc -E  conftest.c
conftest.c:11:28: fatal error: ac_nonexistent.h: No such file or directory
 #include <ac_nonexistent.h>
                            ^
compilation terminated.
configure:4043: $? = 1
configure: failed program was:
| /* confdefs.h.  */
| 
| #define PACKAGE_NAME ""
| #define PACKAGE_TARNAME ""
| #define PACKAGE_VERSION ""
| #define PACKAGE_STRING ""
| #define PACKAGE_BUGREPORT ""
| #define PACKAGE "spro"
| #define VERSION "5.0"
| /* end confdefs.h.  */
| #include <ac_nonexistent.h>
configure:4089: checking for egrep
configure:4099: result: grep -E
configure:4105: checking for AIX
configure:4127: result: no
configure:4133: checking for ANSI C header files
configure:4158: gcc -c -g -O2  conftest.c >&5
configure:4164: $? = 0
configure:4168: test -z 
			 || test ! -s conftest.err
configure:4171: $? = 0
configure:4174: test -s conftest.o
configure:4177: $? = 0
configure:4266: gcc -o conftest -g -O2   conftest.c  >&5
conftest.c: In function 'main':
conftest.c:28:7: warning: incompatible implicit declaration of built-in function 'exit' [enabled by default]
       exit(2);
       ^
configure:4269: $? = 0
configure:4271: ./conftest
configure:4274: $? = 0
configure:4289: result: yes
configure:4313: checking for sys/types.h
configure:4329: gcc -c -g -O2  conftest.c >&5
configure:4335: $? = 0
configure:4339: test -z 
			 || test ! -s conftest.err
configure:4342: $? = 0
configure:4345: test -s conftest.o
configure:4348: $? = 0
configure:4359: result: yes
configure:4313: checking for sys/stat.h
configure:4329: gcc -c -g -O2  conftest.c >&5
configure:4335: $? = 0
configure:4339: test -z 
			 || test ! -s conftest.err
configure:4342: $? = 0
configure:4345: test -s conftest.o
configure:4348: $? = 0
configure:4359: result: yes
configure:4313: checking for stdlib.h
configure:4329: gcc -c -g -O2  conftest.c >&5
configure:4335: $? = 0
configure:4339: test -z 
			 || test ! -s conftest.err
configure:4342: $? = 0
configure:4345: test -s conftest.o
configure:4348: $? = 0
configure:4359: result: yes
configure:4313: checking for string.h
configure:4329: gcc -c -g -O2  conftest.c >&5
configure:4335: $? = 0
configure:4339: test -z 
			 || test ! -s conftest.err
configure:4342: $? = 0
configure:4345: test -s conftest.o
configure:4348: $? = 0
configure:4359: result: yes
configure:4313: checking for memory.h
configure:4329: gcc -c -g -O2  conftest.c >&5
configure:4335: $? = 0
configure:4339: test -z 
			 || test ! -s conftest.err
configure:4342: $? = 0
configure:4345: test -s conftest.o
configure:4348: $? = 0
configure:4359: result: yes
configure:4313: checking for strings.h
configure:4329: gcc -c -g -O2  conftest.c >&5
configure:4335: $? = 0
configure:4339: test -z 
			 || test ! -s conftest.err
configure:4342: $? = 0
configure:4345: test -s conftest.o
configure:4348: $? = 0
configure:4359: result: yes
configure:4313: checking for inttypes.h
configure:4329: gcc -c -g -O2  conftest.c >&5
configure:4335: $? = 0
configure:4339: test -z 
			 || test ! -s conftest.err
configure:4342: $? = 0
configure:4345: test -s conftest.o
configure:4348: $? = 0
configure:4359: result: yes
configure:4313: checking for stdint.h
configure:4329: gcc -c -g -O2  conftest.c >&5
configure:4335: $? = 0
configure:4339: test -z 
			 || test ! -s conftest.err
configure:4342: $? = 0
configure:4345: test -s conftest.o
configure:4348: $? = 0
configure:4359: result: yes
configure:4313: checking for unistd.h
configure:4329: gcc -c -g -O2  conftest.c >&5
configure:4335: $? = 0
configure:4339: test -z 
			 || test ! -s conftest.err
configure:4342: $? = 0
configure:4345: test -s conftest.o
configure:4348: $? = 0
configure:4359: result: yes
configure:4381: checking minix/config.h usability
configure:4393: gcc -c -g -O2  conftest.c >&5
conftest.c:55:26: fatal error: minix/config.h: No such file or directory
 #include <minix/config.h>
                          ^
compilation terminated.
configure:4399: $? = 1
configure: failed program was:
| /* confdefs.h.  */
| 
| #define PACKAGE_NAME ""
| #define PACKAGE_TARNAME ""
| #define PACKAGE_VERSION ""
| #define PACKAGE_STRING ""
| #define PACKAGE_BUGREPORT ""
| #define PACKAGE "spro"
| #define VERSION "5.0"
| #define STDC_HEADERS 1
| #define HAVE_SYS_TYPES_H 1
| #define HAVE_SYS_STAT_H 1
| #define HAVE_STDLIB_H 1
| #define HAVE_STRING_H 1
| #define HAVE_MEMORY_H 1
| #define HAVE_STRINGS_H 1
| #define HAVE_INTTYPES_H 1
| #define HAVE_STDINT_H 1
| #define HAVE_UNISTD_H 1
| /* end confdefs.h.  */
| #include <stdio.h>
| #if HAVE_SYS_TYPES_H
| # include <sys/types.h>
| #endif
| #if HAVE_SYS_STAT_H
| # include <sys/stat.h>
| #endif
| #if STDC_HEADERS
| # include <stdlib.h>
| # include <stddef.h>
| #else
| # if HAVE_STDLIB_H
| #  include <stdlib.h>
| # endif
| #endif
| #if HAVE_STRING_H
| # if !STDC_HEADERS && HAVE_MEMORY_H
| #  include <memory.h>
| # endif
| # include <string.h>
| #endif
| #if HAVE_STRINGS_H
| # include <strings.h>
| #endif
| #if HAVE_INTTYPES_H
| # include <inttypes.h>
| #else
| # if HAVE_STDINT_H
| #  include <stdint.h>
| # endif
| #endif
| #if HAVE_UNISTD_H
| # include <unistd.h>
| #endif
| #include <minix/config.h>
configure:4422: result: no
configure:4426: checking minix/config.h presence
configure:4436: gcc -E  conftest.c
conftest.c:21:26: fatal error: minix/config.h: No such file or directory
 #include <minix/config.h>
                          ^
compilation terminated.
configure:4442: $? = 1
configure: failed program was:
| /* confdefs.h.  */
| 
| #define PACKAGE_NAME ""
| #define PACKAGE_TARNAME ""
| #define PACKAGE_VERSION ""
| #define PACKAGE_STRING ""
| #define PACKAGE_BUGREPORT ""
| #define PACKAGE "spro"
| #define VERSION "5.0"
| #define STDC_HEADERS 1
| #define HAVE_SYS_TYPES_H 1
| #define HAVE_SYS_STAT_H 1
| #define HAVE_STDLIB_H 1
| #define HAVE_STRING_H 1
| #define HAVE_MEMORY_H 1
| #define HAVE_STRINGS_H 1
| #define HAVE_INTTYPES_H 1
| #define HAVE_STDINT_H 1
| #define HAVE_UNISTD_H 1
| /* end confdefs.h.  */
| #include <minix/config.h>
configure:4462: result: no
configure:4497: checking for minix/config.h
configure:4504: result: no
configure:4533: checking for library containing strerror
configure:4563: gcc -o conftest -g -O2   conftest.c  >&5
configure:4569: $? = 0
configure:4573: test -z 
			 || test ! -s conftest.err
configure:4576: $? = 0
configure:4579: test -s conftest
configure:4582: $? = 0
configure:4652: result: none required
configure:4661: checking for function prototypes
configure:4664: result: yes
configure:4694: checking for string.h
configure:4699: result: yes
configure:4841: checking for an ANSI C-conforming const
configure:4908: gcc -c -g -O2  conftest.c >&5
configure:4914: $? = 0
configure:4918: test -z 
			 || test ! -s conftest.err
configure:4921: $? = 0
configure:4924: test -s conftest.o
configure:4927: $? = 0
configure:4938: result: yes
configure:4948: checking for inline
configure:4969: gcc -c -g -O2  conftest.c >&5
configure:4975: $? = 0
configure:4979: test -z 
			 || test ! -s conftest.err
configure:4982: $? = 0
configure:4985: test -s conftest.o
configure:4988: $? = 0
configure:5000: result: inline
configure:5019: checking whether byte ordering is bigendian
configure:5046: gcc -c -g -O2  conftest.c >&5
configure:5052: $? = 0
configure:5056: test -z 
			 || test ! -s conftest.err
configure:5059: $? = 0
configure:5062: test -s conftest.o
configure:5065: $? = 0
configure:5089: gcc -c -g -O2  conftest.c >&5
conftest.c: In function 'main':
conftest.c:31:2: error: unknown type name 'not'
  not big endian
  ^
conftest.c:31:10: error: expected '=', ',', ';', 'asm' or '__attribute__' before 'endian'
  not big endian
          ^
configure:5095: $? = 1
configure: failed program was:
| /* confdefs.h.  */
| 
| #define PACKAGE_NAME ""
| #define PACKAGE_TARNAME ""
| #define PACKAGE_VERSION ""
| #define PACKAGE_STRING ""
| #define PACKAGE_BUGREPORT ""
| #define PACKAGE "spro"
| #define VERSION "5.0"
| #define STDC_HEADERS 1
| #define HAVE_SYS_TYPES_H 1
| #define HAVE_SYS_STAT_H 1
| #define HAVE_STDLIB_H 1
| #define HAVE_STRING_H 1
| #define HAVE_MEMORY_H 1
| #define HAVE_STRINGS_H 1
| #define HAVE_INTTYPES_H 1
| #define HAVE_STDINT_H 1
| #define HAVE_UNISTD_H 1
| #define PROTOTYPES 1
| #define __PROTOTYPES 1
| #define HAVE_STRING_H 1
| /* end confdefs.h.  */
| #include <sys/types.h>
| #include <sys/param.h>
| 
| int
| main ()
| {
| #if BYTE_ORDER != BIG_ENDIAN
|  not big endian
| #endif
| 
|   ;
|   return 0;
| }
configure:5230: result: no
configure:5249: checking for size_t
configure:5273: gcc -c -g -O2  conftest.c >&5
configure:5279: $? = 0
configure:5283: test -z 
			 || test ! -s conftest.err
configure:5286: $? = 0
configure:5289: test -s conftest.o
configure:5292: $? = 0
configure:5303: result: yes
configure:5316: checking for char
configure:5340: gcc -c -g -O2  conftest.c >&5
configure:5346: $? = 0
configure:5350: test -z 
			 || test ! -s conftest.err
configure:5353: $? = 0
configure:5356: test -s conftest.o
configure:5359: $? = 0
configure:5370: result: yes
configure:5373: checking size of char
configure:5692: gcc -o conftest -g -O2   conftest.c  >&5
configure:5695: $? = 0
configure:5697: ./conftest
configure:5700: $? = 0
configure:5723: result: 1
configure:5730: checking for short
configure:5754: gcc -c -g -O2  conftest.c >&5
configure:5760: $? = 0
configure:5764: test -z 
			 || test ! -s conftest.err
configure:5767: $? = 0
configure:5770: test -s conftest.o
configure:5773: $? = 0
configure:5784: result: yes
configure:5787: checking size of short
configure:6106: gcc -o conftest -g -O2   conftest.c  >&5
configure:6109: $? = 0
configure:6111: ./conftest
configure:6114: $? = 0
configure:6137: result: 2
configure:6144: checking for long
configure:6168: gcc -c -g -O2  conftest.c >&5
configure:6174: $? = 0
configure:6178: test -z 
			 || test ! -s conftest.err
configure:6181: $? = 0
configure:6184: test -s conftest.o
configure:6187: $? = 0
configure:6198: result: yes
configure:6201: checking size of long
configure:6520: gcc -o conftest -g -O2   conftest.c  >&5
configure:6523: $? = 0
configure:6525: ./conftest
configure:6528: $? = 0
configure:6551: result: 8
configure:6559: checking for ANSI C header files
configure:6715: result: yes
configure:6725: checking whether time.h and sys/time.h may both be included
configure:6750: gcc -c -g -O2  conftest.c >&5
configure:6756: $? = 0
configure:6760: test -z 
			 || test ! -s conftest.err
configure:6763: $? = 0
configure:6766: test -s conftest.o
configure:6769: $? = 0
configure:6780: result: yes
configure:6811: checking sys/time.h usability
configure:6823: gcc -c -g -O2  conftest.c >&5
configure:6829: $? = 0
configure:6833: test -z 
			 || test ! -s conftest.err
configure:6836: $? = 0
configure:6839: test -s conftest.o
configure:6842: $? = 0
configure:6852: result: yes
configure:6856: checking sys/time.h presence
configure:6866: gcc -E  conftest.c
configure:6872: $? = 0
configure:6892: result: yes
configure:6927: checking for sys/time.h
configure:6934: result: yes
configure:6811: checking limits.h usability
configure:6823: gcc -c -g -O2  conftest.c >&5
configure:6829: $? = 0
configure:6833: test -z 
			 || test ! -s conftest.err
configure:6836: $? = 0
configure:6839: test -s conftest.o
configure:6842: $? = 0
configure:6852: result: yes
configure:6856: checking limits.h presence
configure:6866: gcc -E  conftest.c
configure:6872: $? = 0
configure:6892: result: yes
configure:6927: checking for limits.h
configure:6934: result: yes
configure:6811: checking malloc.h usability
configure:6823: gcc -c -g -O2  conftest.c >&5
configure:6829: $? = 0
configure:6833: test -z 
			 || test ! -s conftest.err
configure:6836: $? = 0
configure:6839: test -s conftest.o
configure:6842: $? = 0
configure:6852: result: yes
configure:6856: checking malloc.h presence
configure:6866: gcc -E  conftest.c
configure:6872: $? = 0
configure:6892: result: yes
configure:6927: checking for malloc.h
configure:6934: result: yes
configure:6811: checking stdarg.h usability
configure:6823: gcc -c -g -O2  conftest.c >&5
configure:6829: $? = 0
configure:6833: test -z 
			 || test ! -s conftest.err
configure:6836: $? = 0
configure:6839: test -s conftest.o
configure:6842: $? = 0
configure:6852: result: yes
configure:6856: checking stdarg.h presence
configure:6866: gcc -E  conftest.c
configure:6872: $? = 0
configure:6892: result: yes
configure:6927: checking for stdarg.h
configure:6934: result: yes
configure:6802: checking for stdlib.h
configure:6807: result: yes
configure:6811: checking math.h usability
configure:6823: gcc -c -g -O2  conftest.c >&5
configure:6829: $? = 0
configure:6833: test -z 
			 || test ! -s conftest.err
configure:6836: $? = 0
configure:6839: test -s conftest.o
configure:6842: $? = 0
configure:6852: result: yes
configure:6856: checking math.h presence
configure:6866: gcc -E  conftest.c
configure:6872: $? = 0
configure:6892: result: yes
configure:6927: checking for math.h
configure:6934: result: yes
configure:6802: checking for string.h
configure:6807: result: yes
configure:6811: checking errno.h usability
configure:6823: gcc -c -g -O2  conftest.c >&5
configure:6829: $? = 0
configure:6833: test -z 
			 || test ! -s conftest.err
configure:6836: $? = 0
configure:6839: test -s conftest.o
configure:6842: $? = 0
configure:6852: result: yes
configure:6856: checking errno.h presence
configure:6866: gcc -E  conftest.c
configure:6872: $? = 0
configure:6892: result: yes
configure:6927: checking for errno.h
configure:6934: result: yes
configure:6950: checking for working alloca.h
configure:6971: gcc -o conftest -g -O2   conftest.c  >&5
configure:6977: $? = 0
configure:6981: test -z 
			 || test ! -s conftest.err
configure:6984: $? = 0
configure:6987: test -s conftest
configure:6990: $? = 0
configure:7002: result: yes
configure:7012: checking for alloca
configure:7053: gcc -o conftest -g -O2   conftest.c  >&5
configure:7059: $? = 0
configure:7063: test -z 
			 || test ! -s conftest.err
configure:7066: $? = 0
configure:7069: test -s conftest
configure:7072: $? = 0
configure:7084: result: yes
configure:7311: checking for vprintf
configure:7368: gcc -o conftest -g -O2   conftest.c  >&5
conftest.c:63:6: warning: conflicting types for built-in function 'vprintf' [enabled by default]
 char vprintf ();
      ^
configure:7374: $? = 0
configure:7378: test -z 
			 || test ! -s conftest.err
configure:7381: $? = 0
configure:7384: test -s conftest
configure:7387: $? = 0
configure:7399: result: yes
configure:7406: checking for _doprnt
configure:7463: gcc -o conftest -g -O2   conftest.c  >&5
/tmp/cco74npP.o:(.data+0x0): undefined reference to `_doprnt'
/tmp/cco74npP.o: In function `main':
/home/xueyang/SPR/spro-5.0/conftest.c:80: undefined reference to `_doprnt'
collect2: error: ld returned 1 exit status
configure:7469: $? = 1
configure: failed program was:
| /* confdefs.h.  */
| 
| #define PACKAGE_NAME ""
| #define PACKAGE_TARNAME ""
| #define PACKAGE_VERSION ""
| #define PACKAGE_STRING ""
| #define PACKAGE_BUGREPORT ""
| #define PACKAGE "spro"
| #define VERSION "5.0"
| #define STDC_HEADERS 1
| #define HAVE_SYS_TYPES_H 1
| #define HAVE_SYS_STAT_H 1
| #define HAVE_STDLIB_H 1
| #define HAVE_STRING_H 1
| #define HAVE_MEMORY_H 1
| #define HAVE_STRINGS_H 1
| #define HAVE_INTTYPES_H 1
| #define HAVE_STDINT_H 1
| #define HAVE_UNISTD_H 1
| #define PROTOTYPES 1
| #define __PROTOTYPES 1
| #define HAVE_STRING_H 1
| #define SIZEOF_CHAR 1
| #define SIZEOF_SHORT 2
| #define SIZEOF_LONG 8
| #define STDC_HEADERS 1
| #define TIME_WITH_SYS_TIME 1
| #define HAVE_SYS_TIME_H 1
| #define HAVE_LIMITS_H 1
| #define HAVE_MALLOC_H 1
| #define HAVE_STDARG_H 1
| #define HAVE_STDLIB_H 1
| #define HAVE_MATH_H 1
| #define HAVE_STRING_H 1
| #define HAVE_ERRNO_H 1
| #define HAVE_ALLOCA_H 1
| #define HAVE_ALLOCA 1
| #define HAVE_VPRINTF 1
| /* end confdefs.h.  */
| /* Define _doprnt to an innocuous variant, in case <limits.h> declares _doprnt.
|    For example, HP-UX 11i <limits.h> declares gettimeofday.  */
| #define _doprnt innocuous__doprnt
| 
| /* System header to define __stub macros and hopefully few prototypes,
|     which can conflict with char _doprnt (); below.
|     Prefer <limits.h> to <assert.h> if __STDC__ is defined, since
|     <limits.h> exists even on freestanding compilers.  */
| 
| #ifdef __STDC__
| # include <limits.h>
| #else
| # include <assert.h>
| #endif
| 
| #undef _doprnt
| 
| /* Override any gcc2 internal prototype to avoid an error.  */
| #ifdef __cplusplus
| extern "C"
| {
| #endif
| /* We use char because int might match the return type of a gcc2
|    builtin and then its argument prototype would still apply.  */
| char _doprnt ();
| /* The GNU C library defines this for functions which it implements
|     to always fail with ENOSYS.  Some functions are actually named
|     something starting with __ and the normal name is an alias.  */
| #if defined (__stub__doprnt) || defined (__stub____doprnt)
| choke me
| #else
| char (*f) () = _doprnt;
| #endif
| #ifdef __cplusplus
| }
| #endif
| 
| int
| main ()
| {
| return f != _doprnt;
|   ;
|   return 0;
| }
configure:7494: result: no
configure:7518: checking for gcc warning options...
configure:7534: gcc -c -g -O2 -W -Wall -Wbad-function-cast  conftest.c >&5
configure:7537: $? = 0
configure:7534: gcc -c -g -O2 -W -Wall -Wbad-function-cast -Wcast-align  conftest.c >&5
configure:7537: $? = 0
configure:7534: gcc -c -g -O2 -W -Wall -Wbad-function-cast -Wcast-align -Wmissing-declarations  conftest.c >&5
configure:7537: $? = 0
configure:7534: gcc -c -g -O2 -W -Wall -Wbad-function-cast -Wcast-align -Wmissing-declarations -Wmissing-prototypes  conftest.c >&5
configure:7537: $? = 0
configure:7534: gcc -c -g -O2 -W -Wall -Wbad-function-cast -Wcast-align -Wmissing-declarations -Wmissing-prototypes -Wnested-externs  conftest.c >&5
configure:7537: $? = 0
configure:7534: gcc -c -g -O2 -W -Wall -Wbad-function-cast -Wcast-align -Wmissing-declarations -Wmissing-prototypes -Wnested-externs -Wpointer-arith  conftest.c >&5
configure:7537: $? = 0
configure:7534: gcc -c -g -O2 -W -Wall -Wbad-function-cast -Wcast-align -Wmissing-declarations -Wmissing-prototypes -Wnested-externs -Wpointer-arith -Wshadow  conftest.c >&5
configure:7537: $? = 0
configure:7534: gcc -c -g -O2 -W -Wall -Wbad-function-cast -Wcast-align -Wmissing-declarations -Wmissing-prototypes -Wnested-externs -Wpointer-arith -Wshadow -Wstrict-prototypes  conftest.c >&5
configure:7537: $? = 0
configure:7534: gcc -c -g -O2 -W -Wall -Wbad-function-cast -Wcast-align -Wmissing-declarations -Wmissing-prototypes -Wnested-externs -Wpointer-arith -Wshadow -Wstrict-prototypes -Wwrite-strings  conftest.c >&5
configure:7537: $? = 0
configure:7550: checking if malloc debugging is wanted
configure:7571: result: no
configure:7716: creating ./config.status

## ---------------------- ##
## Running config.status. ##
## ---------------------- ##

This file was extended by config.status, which was
generated by GNU Autoconf 2.59.  Invocation command line was

  CONFIG_FILES    = 
  CONFIG_HEADERS  = 
  CONFIG_LINKS    = 
  CONFIG_COMMANDS = 
  $ ./config.status 

on xueyang-Lenovo

config.status:702: creating Makefile
config.status:702: creating doc/Makefile
config.status:702: creating auxdir/Makefile
config.status:702: creating test/Makefile
config.status:702: creating test/ref/Makefile
config.status:702: creating test/dat/Makefile
config.status:806: creating config.h
config.status:950: config.h is unchanged
config.status:1130: executing depfiles commands

## ---------------- ##
## Cache variables. ##
## ---------------- ##

ac_cv_c_bigendian=no
ac_cv_c_compiler_gnu=yes
ac_cv_c_const=yes
ac_cv_c_inline=inline
ac_cv_env_CC_set=
ac_cv_env_CC_value=
ac_cv_env_CFLAGS_set=
ac_cv_env_CFLAGS_value=
ac_cv_env_CPPFLAGS_set=
ac_cv_env_CPPFLAGS_value=
ac_cv_env_CPP_set=
ac_cv_env_CPP_value=
ac_cv_env_LDFLAGS_set=
ac_cv_env_LDFLAGS_value=
ac_cv_env_build_alias_set=
ac_cv_env_build_alias_value=
ac_cv_env_host_alias_set=
ac_cv_env_host_alias_value=
ac_cv_env_target_alias_set=
ac_cv_env_target_alias_value=
ac_cv_exeext=
ac_cv_func__doprnt=no
ac_cv_func_alloca_works=yes
ac_cv_func_vprintf=yes
ac_cv_header_errno_h=yes
ac_cv_header_inttypes_h=yes
ac_cv_header_limits_h=yes
ac_cv_header_malloc_h=yes
ac_cv_header_math_h=yes
ac_cv_header_memory_h=yes
ac_cv_header_minix_config_h=no
ac_cv_header_stdarg_h=yes
ac_cv_header_stdc=yes
ac_cv_header_stdint_h=yes
ac_cv_header_stdlib_h=yes
ac_cv_header_string_h=yes
ac_cv_header_strings_h=yes
ac_cv_header_sys_stat_h=yes
ac_cv_header_sys_time_h=yes
ac_cv_header_sys_types_h=yes
ac_cv_header_time=yes
ac_cv_header_unistd_h=yes
ac_cv_objext=o
ac_cv_path_install='/usr/bin/install -c'
ac_cv_prog_AWK=mawk
ac_cv_prog_CPP='gcc -E'
ac_cv_prog_ac_ct_CC=gcc
ac_cv_prog_ac_ct_RANLIB=ranlib
ac_cv_prog_cc_g=yes
ac_cv_prog_cc_stdc=
ac_cv_prog_egrep='grep -E'
ac_cv_prog_make_make_set=yes
ac_cv_search_strerror='none required'
ac_cv_sizeof_char=1
ac_cv_sizeof_long=8
ac_cv_sizeof_short=2
ac_cv_type_char=yes
ac_cv_type_long=yes
ac_cv_type_short=yes
ac_cv_type_size_t=yes
ac_cv_working_alloca_h=yes
am_cv_CC_dependencies_compiler_type=gcc3
am_cv_prog_cc_stdc=

## ----------------- ##
## Output variables. ##
## ----------------- ##

ACLOCAL='aclocal-1.9'
ALLOCA=''
AMDEPBACKSLASH='\'
AMDEP_FALSE='#'
AMDEP_TRUE=''
AMTAR='tar'
ANSI2KNR=''
AUTOCONF='autoconf'
AUTOHEADER='autoheader'
AUTOMAKE='automake-1.9'
AWK='mawk'
CC='gcc'
CCDEPMODE='depmode=gcc3'
CFLAGS='-g -O2'
CPP='gcc -E'
CPPFLAGS=''
CYGPATH_W='echo'
DEFS='-DHAVE_CONFIG_H'
DEPDIR='.deps'
ECHO_C=''
ECHO_N='-n'
ECHO_T=''
EGREP='grep -E'
EXEEXT=''
EXTRA_CFLAGS='-W -Wall -Wbad-function-cast -Wcast-align -Wmissing-declarations -Wmissing-prototypes -Wnested-externs -Wpointer-arith -Wshadow -Wstrict-prototypes -Wwrite-strings'
INSTALL_DATA='${INSTALL} -m 644'
INSTALL_PROGRAM='${INSTALL}'
INSTALL_SCRIPT='${INSTALL}'
INSTALL_STRIP_PROGRAM='${SHELL} $(install_sh) -c -s'
LDFLAGS=''
LIBOBJS=''
LIBS=''
LTLIBOBJS=''
MAKEINFO='makeinfo'
OBJEXT='o'
PACKAGE='spro'
PACKAGE_BUGREPORT=''
PACKAGE_NAME=''
PACKAGE_STRING=''
PACKAGE_TARNAME=''
PACKAGE_VERSION=''
PATH_SEPARATOR=':'
RANLIB='ranlib'
SET_MAKE=''
SHELL='/bin/bash'
STRIP=''
U=''
VERSION='5.0'
ac_ct_CC='gcc'
ac_ct_RANLIB='ranlib'
ac_ct_STRIP=''
am__fastdepCC_FALSE='#'
am__fastdepCC_TRUE=''
am__include='include'
am__leading_dot='.'
am__quote=''
am__tar='${AMTAR} chof - "$$tardir"'
am__untar='${AMTAR} xf -'
bindir='${exec_prefix}/bin'
build_alias=''
datadir='${prefix}/share'
exec_prefix='${prefix}'
host_alias=''
includedir='${prefix}/include'
infodir='${prefix}/info'
install_sh='/home/xueyang/SPR/spro-5.0/auxdir/install-sh'
libdir='${exec_prefix}/lib'
libexecdir='${exec_prefix}/libexec'
localstatedir='${prefix}/var'
mandir='${prefix}/man'
mkdir_p='mkdir -p --'
oldincludedir='/usr/include'
prefix='/usr/local'
program_transform_name='s,x,x,'
sbindir='${exec_prefix}/sbin'
sharedstatedir='${prefix}/com'
sphere_include=''
sphere_lib=''
sysconfdir='${prefix}/etc'
target_alias=''

## ----------- ##
## confdefs.h. ##
## ----------- ##

#define HAVE_ALLOCA 1
#define HAVE_ALLOCA_H 1
#define HAVE_ERRNO_H 1
#define HAVE_INTTYPES_H 1
#define HAVE_LIMITS_H 1
#define HAVE_MALLOC_H 1
#define HAVE_MATH_H 1
#define HAVE_MEMORY_H 1
#define HAVE_STDARG_H 1
#define HAVE_STDINT_H 1
#define HAVE_STDLIB_H 1
#define HAVE_STDLIB_H 1
#define HAVE_STRINGS_H 1
#define HAVE_STRING_H 1
#define HAVE_STRING_H 1
#define HAVE_STRING_H 1
#define HAVE_SYS_STAT_H 1
#define HAVE_SYS_TIME_H 1
#define HAVE_SYS_TYPES_H 1
#define HAVE_UNISTD_H 1
#define HAVE_VPRINTF 1
#define PACKAGE "spro"
#define PACKAGE_BUGREPORT ""
#define PACKAGE_NAME ""
#define PACKAGE_STRING ""
#define PACKAGE_TARNAME ""
#define PACKAGE_VERSION ""
#define PROTOTYPES 1
#define SIZEOF_CHAR 1
#define SIZEOF_LONG 8
#define SIZEOF_SHORT 2
#define STDC_HEADERS 1
#define STDC_HEADERS 1
#define TIME_WITH_SYS_TIME 1
#define VERSION "5.0"
#define __PROTOTYPES 1

configure: exit 0
